<?xml version="1.0" encoding="UTF-8" ?>
<testsuites errors="5"
            failures="1"
            tests="1">

  <testsuite name="test.contactUs"
    errors="5" failures="1" hostname="" id="" package="contactUs" skipped="0"
    tests="1" time="29.89" timestamp="">
  
    <testcase name="1.1 Checks Mandatory Fields Submission" classname="test.contactUs" time="14.94" assertions="2">

      <failure message="Testing if value of element &lt;Section [name=contactUs],Element [name=@email]&gt; equals &#39;ahmedelsherb@google.com&#39; in 5000ms - expected &#34;equals &#39;ahmedelsherb@google.com&#39;&#34; but got: &#34;element could not be located&#34; (5021ms)">    at DescribeInstance.&lt;anonymous&gt; (C:\Users\Ahmed.El-Sherbini\Desktop\proj\test\contactUs.js:34:29)</failure>

    
    <error message="no such window: target window already closed
from unknown error: web view not found
  (Session info: chrome=120.0.6099.200)" type="error"><![CDATA[
    NoSuchWindowError: no such window: target window already closed
from unknown error: web view not found
  (Session info: chrome=120.0.6099.200)
    at Object.throwDecodedError (C:\Users\Ahmed.El-Sherbini\Desktop\proj\node_modules\selenium-webdriver\lib\error.js:524:15)
    at parseHttpResponse (C:\Users\Ahmed.El-Sherbini\Desktop\proj\node_modules\selenium-webdriver\lib\http.js:601:13)
    at Executor.execute (C:\Users\Ahmed.El-Sherbini\Desktop\proj\node_modules\selenium-webdriver\lib\http.js:529:28)
    at process.processTicksAndRejections (node:internal/process/task_queues:95:5)
    at async Driver.execute (C:\Users\Ahmed.El-Sherbini\Desktop\proj\node_modules\selenium-webdriver\lib\webdriver.js:745:17)
    at async Driver.findElements (C:\Users\Ahmed.El-Sherbini\Desktop\proj\node_modules\selenium-webdriver\lib\webdriver.js:1089:17)
    at async MethodMappings.locateMultipleElements (C:\Users\Ahmed.El-Sherbini\Desktop\proj\node_modules\nightwatch\lib\transport\selenium-webdriver\method-mappings.js:385:31)
    at async Object.locateMultipleElements (C:\Users\Ahmed.El-Sherbini\Desktop\proj\node_modules\nightwatch\lib\transport\selenium-webdriver\actions.js:69:18)
    at async LocateElement.findElement (C:\Users\Ahmed.El-Sherbini\Desktop\proj\node_modules\nightwatch\lib\element\locator.js:167:20)
    ]]></error>
    
    </testcase>
  

  
    <system-err>
       NoSuchElementError
   An element could not be located on the page using the given search parameters.
    {&#34;error&#34;:{&#34;name&#34;:&#34;NoSuchWindowError&#34;,&#34;remoteStacktrace&#34;:&#34;&#34;},&#34;status&#34;:-1,&#34;value&#34;:null}

    Try fixing by :
    1. Please inspect the html before the step
    2. Verify if an element with the mentioned selector is present in the DOM tree

    Error location:
    C:\Users\Ahmed.El-Sherbini\Desktop\proj\test\contactUs.js:23
    –––––––––––––––––––––––––––––––––––––––––––––––––––––––––––
     21 |     var contactUsSection = contactUs.section.contactUs;
     22 | 
     23 |     contactUsSection.click(&#34;@selectOptionCustomerService&#34;); 
     24 |     const optionText = await contactUsSection
     25 |       .element(&#34;@selectOptionCustomerService&#34;)
    –––––––––––––––––––––––––––––––––––––––––––––––––––––––––––

 NoSuchWindowError
   no such window: target window already closed
from unknown error: web view not found
  (Session info: chrome=120.0.6099.200)
 NoSuchWindowError
   no such window: target window already closed
from unknown error: web view not found
  (Session info: chrome=120.0.6099.200)
 NoSuchWindowError
   no such window: target window already closed
from unknown error: web view not found
  (Session info: chrome=120.0.6099.200)
 NoSuchWindowError
   no such window: target window already closed
from unknown error: web view not found
  (Session info: chrome=120.0.6099.200)
    </system-err>
  

    

  
  </testsuite>
</testsuites>
